<?xml version="1.0" encoding="UTF-8"?>
<!-- Generated by org.testng.reporters.JUnitReportReporter -->
<testsuite hostname="LAPTOP-N3IQ9KIK" failures="0" tests="1" name="cc_1.pro.cc1" time="8.633" errors="0" timestamp="2023-05-03T16:45:53 IST" skipped="0">
  <testcase classname="cc_1.pro.cc1" name="TC_001" time="8.633"/>
  <system-out/>
</testsuite> <!-- cc_1.pro.cc1 -->
